<?xml version="1.0" encoding="utf-8"?><testsuites name="pytest tests"><testsuite name="pytest" errors="0" failures="0" skipped="0" tests="13" time="1.763" timestamp="2025-10-02T13:54:07.273295+00:00" hostname="devbox"><testcase classname="tests.test_indexing" name="test_comment_association_and_extraction" time="0.003" /><testcase classname="tests.test_orchestration" name="test_jules_app_successful_workflow" time="0.014" /><testcase classname="tests.test_orchestration" name="test_jules_app_handles_tool_failure" time="0.007" /><testcase classname="tests.test_professional_workflow" name="test_jules_app_professional_tdd_workflow" time="0.008" /><testcase classname="tests.test_tdd_workflow" name="test_jules_app_tdd_workflow" time="1.613" /><testcase classname="tests.test_tools" name="test_replace_function_definition_multilang[python-case0]" time="0.002" /><testcase classname="tests.test_tools" name="test_replace_function_definition_multilang[javascript-case1]" time="0.003" /><testcase classname="tests.test_tools" name="test_replace_function_definition_multilang[go-case2]" time="0.003" /><testcase classname="tests.test_tools" name="test_replace_function_definition_multilang[rust-case3]" time="0.003" /><testcase classname="tests.test_tools" name="test_insert_into_class_body_multilang[python-case0]" time="0.002" /><testcase classname="tests.test_tools" name="test_insert_into_class_body_multilang[javascript-case1]" time="0.002" /><testcase classname="tests.test_tools" name="test_insert_into_class_body_multilang[go-case2]" time="0.002" /><testcase classname="tests.test_tools" name="test_insert_into_class_body_multilang[rust-case3]" time="0.002" /></testsuite></testsuites>